<?xml version="1.0" encoding="UTF-8"?>
<!-- Generated by org.testng.reporters.JUnitXMLReporter -->
<testsuite ignored="2" hostname="user-PC" failures="2" tests="2" name="Buttons Test(failed)" time="40.812" errors="0" timestamp="2024-02-08T17:35:18 IST">
  <testcase classname="testcases.Buttons_Interact" name="Buttons" time="20.522">
    <failure type="org.openqa.selenium.NoSuchElementException" message="Unable to locate element: /html/body/div/form/div[1]/div/div/button[1]
For documentation on this error, please visit: https://www.selenium.dev/documentation/webdriver/troubleshooting/errors#no-such-element-exception
Build info: version: &amp;apos;4.14.0&amp;apos;, revision: &amp;apos;e5a96349ce&amp;apos;
System info: os.name: &amp;apos;Windows 7&amp;apos;, os.arch: &amp;apos;amd64&amp;apos;, os.version: &amp;apos;6.1&amp;apos;, java.version: &amp;apos;18.0.1&amp;apos;
Driver info: org.openqa.selenium.firefox.FirefoxDriver
Command: [52645479-f3b6-4215-a194-084e74e2d195, findElement {using=xpath, value=/html/body/div/form/div[1]/div/div/button[1]}]
Capabilities {acceptInsecureCerts: true, browserName: firefox, browserVersion: 115.7.0, moz:accessibilityChecks: false, moz:buildID: 20240115170312, moz:debuggerAddress: 127.0.0.1:35864, moz:geckodriverVersion: 0.32.0, moz:headless: false, moz:platformVersion: 6.1, moz:processID: 4932, moz:profile: C:\Users\user\AppData\Local..., moz:shutdownTimeout: 60000, moz:useNonSpecCompliantPointerOrigin: false, moz:webdriverClick: true, moz:windowless: false, pageLoadStrategy: normal, platformName: windows, proxy: Proxy(), se:cdp: ws://127.0.0.1:35864/devtoo..., se:cdpVersion: 85.0, setWindowRect: true, strictFileInteractability: false, timeouts: {implicit: 0, pageLoad: 300000, script: 30000}, unhandledPromptBehavior: dismiss and notify}
Session ID: 52645479-f3b6-4215-a194-084e74e2d195">
      <![CDATA[org.openqa.selenium.NoSuchElementException: Unable to locate element: /html/body/div/form/div[1]/div/div/button[1]
For documentation on this error, please visit: https://www.selenium.dev/documentation/webdriver/troubleshooting/errors#no-such-element-exception
Build info: version: '4.14.0', revision: 'e5a96349ce'
System info: os.name: 'Windows 7', os.arch: 'amd64', os.version: '6.1', java.version: '18.0.1'
Driver info: org.openqa.selenium.firefox.FirefoxDriver
Command: [52645479-f3b6-4215-a194-084e74e2d195, findElement {using=xpath, value=/html/body/div/form/div[1]/div/div/button[1]}]
Capabilities {acceptInsecureCerts: true, browserName: firefox, browserVersion: 115.7.0, moz:accessibilityChecks: false, moz:buildID: 20240115170312, moz:debuggerAddress: 127.0.0.1:35864, moz:geckodriverVersion: 0.32.0, moz:headless: false, moz:platformVersion: 6.1, moz:processID: 4932, moz:profile: C:\Users\user\AppData\Local..., moz:shutdownTimeout: 60000, moz:useNonSpecCompliantPointerOrigin: false, moz:webdriverClick: true, moz:windowless: false, pageLoadStrategy: normal, platformName: windows, proxy: Proxy(), se:cdp: ws://127.0.0.1:35864/devtoo..., se:cdpVersion: 85.0, setWindowRect: true, strictFileInteractability: false, timeouts: {implicit: 0, pageLoad: 300000, script: 30000}, unhandledPromptBehavior: dismiss and notify}
Session ID: 52645479-f3b6-4215-a194-084e74e2d195
at org.openqa.selenium.remote.codec.w3c.W3CHttpResponseCodec.createException(W3CHttpResponseCodec.java:200)
at org.openqa.selenium.remote.codec.w3c.W3CHttpResponseCodec.decode(W3CHttpResponseCodec.java:133)
at org.openqa.selenium.remote.codec.w3c.W3CHttpResponseCodec.decode(W3CHttpResponseCodec.java:52)
at org.openqa.selenium.remote.HttpCommandExecutor.execute(HttpCommandExecutor.java:191)
at org.openqa.selenium.remote.service.DriverCommandExecutor.invokeExecute(DriverCommandExecutor.java:196)
at org.openqa.selenium.remote.service.DriverCommandExecutor.execute(DriverCommandExecutor.java:171)
at org.openqa.selenium.remote.RemoteWebDriver.execute(RemoteWebDriver.java:602)
at org.openqa.selenium.remote.ElementLocation$ElementFinder$2.findElement(ElementLocation.java:165)
at org.openqa.selenium.remote.ElementLocation.findElement(ElementLocation.java:59)
at org.openqa.selenium.remote.RemoteWebDriver.findElement(RemoteWebDriver.java:359)
at org.openqa.selenium.remote.RemoteWebDriver.findElement(RemoteWebDriver.java:353)
at testcases.Buttons_Interact.Buttons(Buttons_Interact.java:24)
at java.base/java.util.ArrayList.forEach(ArrayList.java:1511)
... Removed 28 stack frames]]>
    </failure>
  </testcase> <!-- Buttons -->
  <testcase classname="testcases.Buttons_Interact" name="AllignmentButtons" time="20.1">
    <failure type="org.openqa.selenium.NoSuchElementException" message="Unable to locate element: //div[@aria-label =&amp;quot;Basic example&amp;quot;]/button[1]
For documentation on this error, please visit: https://www.selenium.dev/documentation/webdriver/troubleshooting/errors#no-such-element-exception
Build info: version: &amp;apos;4.14.0&amp;apos;, revision: &amp;apos;e5a96349ce&amp;apos;
System info: os.name: &amp;apos;Windows 7&amp;apos;, os.arch: &amp;apos;amd64&amp;apos;, os.version: &amp;apos;6.1&amp;apos;, java.version: &amp;apos;18.0.1&amp;apos;
Driver info: org.openqa.selenium.firefox.FirefoxDriver
Command: [52645479-f3b6-4215-a194-084e74e2d195, findElement {using=xpath, value=//div[@aria-label =&amp;quot;Basic example&amp;quot;]/button[1]}]
Capabilities {acceptInsecureCerts: true, browserName: firefox, browserVersion: 115.7.0, moz:accessibilityChecks: false, moz:buildID: 20240115170312, moz:debuggerAddress: 127.0.0.1:35864, moz:geckodriverVersion: 0.32.0, moz:headless: false, moz:platformVersion: 6.1, moz:processID: 4932, moz:profile: C:\Users\user\AppData\Local..., moz:shutdownTimeout: 60000, moz:useNonSpecCompliantPointerOrigin: false, moz:webdriverClick: true, moz:windowless: false, pageLoadStrategy: normal, platformName: windows, proxy: Proxy(), se:cdp: ws://127.0.0.1:35864/devtoo..., se:cdpVersion: 85.0, setWindowRect: true, strictFileInteractability: false, timeouts: {implicit: 0, pageLoad: 300000, script: 30000}, unhandledPromptBehavior: dismiss and notify}
Session ID: 52645479-f3b6-4215-a194-084e74e2d195">
      <![CDATA[org.openqa.selenium.NoSuchElementException: Unable to locate element: //div[@aria-label ="Basic example"]/button[1]
For documentation on this error, please visit: https://www.selenium.dev/documentation/webdriver/troubleshooting/errors#no-such-element-exception
Build info: version: '4.14.0', revision: 'e5a96349ce'
System info: os.name: 'Windows 7', os.arch: 'amd64', os.version: '6.1', java.version: '18.0.1'
Driver info: org.openqa.selenium.firefox.FirefoxDriver
Command: [52645479-f3b6-4215-a194-084e74e2d195, findElement {using=xpath, value=//div[@aria-label ="Basic example"]/button[1]}]
Capabilities {acceptInsecureCerts: true, browserName: firefox, browserVersion: 115.7.0, moz:accessibilityChecks: false, moz:buildID: 20240115170312, moz:debuggerAddress: 127.0.0.1:35864, moz:geckodriverVersion: 0.32.0, moz:headless: false, moz:platformVersion: 6.1, moz:processID: 4932, moz:profile: C:\Users\user\AppData\Local..., moz:shutdownTimeout: 60000, moz:useNonSpecCompliantPointerOrigin: false, moz:webdriverClick: true, moz:windowless: false, pageLoadStrategy: normal, platformName: windows, proxy: Proxy(), se:cdp: ws://127.0.0.1:35864/devtoo..., se:cdpVersion: 85.0, setWindowRect: true, strictFileInteractability: false, timeouts: {implicit: 0, pageLoad: 300000, script: 30000}, unhandledPromptBehavior: dismiss and notify}
Session ID: 52645479-f3b6-4215-a194-084e74e2d195
at org.openqa.selenium.remote.codec.w3c.W3CHttpResponseCodec.createException(W3CHttpResponseCodec.java:200)
at org.openqa.selenium.remote.codec.w3c.W3CHttpResponseCodec.decode(W3CHttpResponseCodec.java:133)
at org.openqa.selenium.remote.codec.w3c.W3CHttpResponseCodec.decode(W3CHttpResponseCodec.java:52)
at org.openqa.selenium.remote.HttpCommandExecutor.execute(HttpCommandExecutor.java:191)
at org.openqa.selenium.remote.service.DriverCommandExecutor.invokeExecute(DriverCommandExecutor.java:196)
at org.openqa.selenium.remote.service.DriverCommandExecutor.execute(DriverCommandExecutor.java:171)
at org.openqa.selenium.remote.RemoteWebDriver.execute(RemoteWebDriver.java:602)
at org.openqa.selenium.remote.ElementLocation$ElementFinder$2.findElement(ElementLocation.java:165)
at org.openqa.selenium.remote.ElementLocation.findElement(ElementLocation.java:59)
at org.openqa.selenium.remote.RemoteWebDriver.findElement(RemoteWebDriver.java:359)
at org.openqa.selenium.remote.RemoteWebDriver.findElement(RemoteWebDriver.java:353)
at testcases.Buttons_Interact.AllignmentButtons(Buttons_Interact.java:48)
at java.base/java.util.ArrayList.forEach(ArrayList.java:1511)
... Removed 28 stack frames]]>
    </failure>
  </testcase> <!-- AllignmentButtons -->
  <testcase classname="testcases.Buttons_Interact" name="NumbersButtons" time="0.0">
    <ignored/>
  </testcase> <!-- NumbersButtons -->
  <testcase classname="testcases.Buttons_Interact" name="ButtonsLink" time="0.0">
    <ignored/>
  </testcase> <!-- ButtonsLink -->
</testsuite> <!-- Buttons Test(failed) -->
