<?xml version="1.0" encoding="UTF-8"?>
<!-- Generated by org.testng.reporters.JUnitReportReporter -->
<testsuite hostname="user-PC" failures="0" tests="5" name="seleium_Components_Interaction_Testcases.Buttons_Interact" time="0.177" errors="1" timestamp="2024-02-08T16:53:40 IST" skipped="4">
  <testcase classname="seleium_Components_Interaction_Testcases.Buttons_Interact" name="ButtonsLink" time="0.000">
    <skipped/>
  </testcase> <!-- ButtonsLink -->
  <system-out/>
  <testcase classname="seleium_Components_Interaction_Testcases.Buttons_Interact" name="AllignmentButtons" time="0.000">
    <skipped/>
  </testcase> <!-- AllignmentButtons -->
  <system-out/>
  <testcase classname="seleium_Components_Interaction_Testcases.Buttons_Interact" name="Buttons" time="0.000">
    <skipped/>
  </testcase> <!-- Buttons -->
  <system-out/>
  <testcase classname="seleium_Components_Interaction_Testcases.Buttons_Interact" name="NumbersButtons" time="0.000">
    <skipped/>
  </testcase> <!-- NumbersButtons -->
  <system-out/>
  <testcase classname="seleium_Components_Interaction_Testcases.Buttons_Interact" name="LanuchBrowser" time="0.177">
    <error message="Cannot invoke &quot;java.util.Properties.getProperty(String)&quot; because &quot;commonFunctions.CommonFuntions.prop&quot; is null" type="java.lang.NullPointerException">
      <![CDATA[java.lang.NullPointerException: Cannot invoke "java.util.Properties.getProperty(String)" because "commonFunctions.CommonFuntions.prop" is null
at commonFunctions.CommonFuntions.LanuchBrowser(CommonFuntions.java:42)
at java.base/jdk.internal.reflect.DirectMethodHandleAccessor.invoke(DirectMethodHandleAccessor.java:104)
at java.base/java.lang.reflect.Method.invoke(Method.java:577)
at org.testng.internal.MethodInvocationHelper.invokeMethod(MethodInvocationHelper.java:133)
at org.testng.internal.MethodInvocationHelper.invokeMethodConsideringTimeout(MethodInvocationHelper.java:62)
at org.testng.internal.ConfigInvoker.invokeConfigurationMethod(ConfigInvoker.java:385)
at org.testng.internal.ConfigInvoker.invokeConfigurations(ConfigInvoker.java:321)
at org.testng.SuiteRunner.privateRun(SuiteRunner.java:317)
at org.testng.SuiteRunner.run(SuiteRunner.java:276)
at org.testng.SuiteRunnerWorker.runSuite(SuiteRunnerWorker.java:53)
at org.testng.SuiteRunnerWorker.run(SuiteRunnerWorker.java:96)
at org.testng.TestNG.runSuitesSequentially(TestNG.java:1212)
at org.testng.TestNG.runSuitesLocally(TestNG.java:1134)
at org.testng.TestNG.runSuites(TestNG.java:1063)
at org.testng.TestNG.run(TestNG.java:1031)
at org.testng.remote.AbstractRemoteTestNG.run(AbstractRemoteTestNG.java:115)
at org.testng.remote.RemoteTestNG.initAndRun(RemoteTestNG.java:251)
at org.testng.remote.RemoteTestNG.main(RemoteTestNG.java:77)
]]>
    </error>
  </testcase> <!-- LanuchBrowser -->
  <system-out/>
</testsuite> <!-- seleium_Components_Interaction_Testcases.Buttons_Interact -->
